<?xml version="1.0" encoding="UTF-8"?>
<!-- Generated by org.testng.reporters.JUnitReportReporter -->
<testsuite hostname="DESKTOP-TIA9OMN" failures="0" tests="1" name="Crm_Project.Crm_Whatsapp" time="10.328" errors="0" timestamp="2023-11-20T19:16:28 IST" skipped="0">
  <testcase classname="Crm_Project.Crm_Whatsapp" name="WhatsApp" time="10.328"/>
  <system-out/>
</testsuite> <!-- Crm_Project.Crm_Whatsapp -->
