<?xml version="1.0" encoding="UTF-8"?>
<!-- Generated by org.testng.reporters.JUnitReportReporter -->
<testsuite hostname="DESKTOP-TIA9OMN" failures="0" tests="1" name="Crm_Project.Crm_UserProfile" time="12.128" errors="0" timestamp="2023-11-21T19:12:35 IST" skipped="0">
  <testcase classname="Crm_Project.Crm_UserProfile" name="UserProfile" time="12.128"/>
  <system-out/>
</testsuite> <!-- Crm_Project.Crm_UserProfile -->
