<?xml version="1.0" encoding="UTF-8"?>
<!-- Generated by org.testng.reporters.JUnitReportReporter -->
<testsuite hostname="DESKTOP-TIA9OMN" failures="0" tests="1" name="Crm_Project.Crm_Profile" time="30.583" errors="0" timestamp="2023-11-21T18:24:18 IST" skipped="0">
  <testcase classname="Crm_Project.Crm_Profile" name="Profile" time="30.583"/>
  <system-out/>
</testsuite> <!-- Crm_Project.Crm_Profile -->
